<?xml version="1.0" encoding="UTF-8"?>
<!-- Generated by org.testng.reporters.JUnitReportReporter -->
<testsuite skipped="1" hostname="NTPC01507" name="testcases.BaseClass1" tests="1" failures="0" timestamp="21 Nov 2018 09:24:00 GMT" time="0.000" errors="0">
  <testcase name="readTestCasesToExecute" time="0.000" classname="testcases.BaseClass1">
    <skipped/>
  </testcase> <!-- readTestCasesToExecute -->
</testsuite> <!-- testcases.BaseClass1 -->
